***  Installation Started 05/08/2008 0:45  ***
Title: Workspace Utilities 1.75 Source Installation
Source: S:\wwhiz\WorkspaceUtils175Src.exe
Made Dir: C:\Program Files\Workspace Utilities
Made Dir: C:\Program Files\Workspace Utilities\Src
File Copy: C:\Program Files\Workspace Utilities\Src\UNWISE.EXE
RegDB Key: Software\Microsoft\Windows\CurrentVersion\Uninstall\Workspace Utilities 1.75 Source
RegDB Val: Workspace Utilities 1.75 Source
RegDB Name: DisplayName
RegDB Root: 2
RegDB Key: Software\Microsoft\Windows\CurrentVersion\Uninstall\Workspace Utilities 1.75 Source
RegDB Val: C:\PROGRA~1\WORKSP~2\Src\UNWISE.EXE C:\PROGRA~1\WORKSP~2\Src\INSTALL.LOG
RegDB Name: UninstallString
RegDB Root: 2
File Copy: C:\Program Files\Workspace Utilities\Src\Commands.cpp
File Copy: C:\Program Files\Workspace Utilities\Src\Commands.h
File Copy: C:\Program Files\Workspace Utilities\Src\CompilerFiles.cpp
File Copy: C:\Program Files\Workspace Utilities\Src\CompilerFiles.h
File Copy: C:\Program Files\Workspace Utilities\Src\DSAddIn.cpp
File Copy: C:\Program Files\Workspace Utilities\Src\DSAddIn.h
File Copy: C:\Program Files\Workspace Utilities\Src\ExtraProjectsDialog.cpp
File Copy: C:\Program Files\Workspace Utilities\Src\ExtraProjectsDialog.h
File Copy: C:\Program Files\Workspace Utilities\Src\FileList.cpp
File Copy: C:\Program Files\Workspace Utilities\Src\FileList.h
File Copy: C:\Program Files\Workspace Utilities\Src\FindFileDialog.cpp
File Copy: C:\Program Files\Workspace Utilities\Src\FindFileDialog.h
File Copy: C:\Program Files\Workspace Utilities\Src\FindFileEdit.cpp
File Copy: C:\Program Files\Workspace Utilities\Src\FindFileEdit.h
File Copy: C:\Program Files\Workspace Utilities\Src\FindFileListCtrl.cpp
File Copy: C:\Program Files\Workspace Utilities\Src\FindFileListCtrl.h
File Copy: C:\Program Files\Workspace Utilities\Src\FindTagDialog.cpp
File Copy: C:\Program Files\Workspace Utilities\Src\FindTagDialog.h
File Copy: C:\Program Files\Workspace Utilities\Src\FindTagEdit.cpp
File Copy: C:\Program Files\Workspace Utilities\Src\FindTagEdit.h
File Copy: C:\Program Files\Workspace Utilities\Src\FindTagListCtrl.cpp
File Copy: C:\Program Files\Workspace Utilities\Src\FindTagListCtrl.h
File Copy: C:\Program Files\Workspace Utilities\Src\FIPreferences.cpp
File Copy: C:\Program Files\Workspace Utilities\Src\FIPreferences.h
File Copy: C:\Program Files\Workspace Utilities\Src\WorkspaceUtils.rc
File Copy: C:\Program Files\Workspace Utilities\Src\PreferencesDialog.cpp
File Copy: C:\Program Files\Workspace Utilities\Src\PreferencesDialog.h
File Copy: C:\Program Files\Workspace Utilities\Src\WorkspaceUtils.odl
File Copy: C:\Program Files\Workspace Utilities\Src\resource.h
File Copy: C:\Program Files\Workspace Utilities\Src\StdAfx.cpp
File Copy: C:\Program Files\Workspace Utilities\Src\StdAfx.h
File Copy: C:\Program Files\Workspace Utilities\Src\WorkspaceUtils50.dsw
File Copy: C:\Program Files\Workspace Utilities\Src\WorkspaceInfo.cpp
File Copy: C:\Program Files\Workspace Utilities\Src\WorkspaceInfo.h
File Copy: C:\Program Files\Workspace Utilities\Src\WorkspaceTags.cpp
File Copy: C:\Program Files\Workspace Utilities\Src\WorkspaceTags.h
File Copy: C:\Program Files\Workspace Utilities\Src\WorkspaceUtils50.dsp
File Copy: C:\Program Files\Workspace Utilities\Src\WorkspaceUtils.cpp
File Copy: C:\Program Files\Workspace Utilities\Src\WorkspaceUtils.def
File Copy: C:\Program Files\Workspace Utilities\Src\WorkspaceUtils.dsp
File Copy: C:\Program Files\Workspace Utilities\Src\WorkspaceUtils.dsw
File Copy: C:\Program Files\Workspace Utilities\Src\WorkspaceUtils.h
Made Dir: C:\Program Files\Workspace Utilities\Src\res
File Copy: C:\Program Files\Workspace Utilities\Src\res\TBarLrge.bmp
File Copy: C:\Program Files\Workspace Utilities\Src\res\TBarMedm.bmp
File Copy: C:\Program Files\Workspace Utilities\Src\res\WorkspaceUtils.rc2
Made Dir: C:\Users\Joshua\AppData\Roaming\Microsoft\Windows\Start Menu\Programs\Workspace Utilities
Shell Link: C:\Users\Joshua\AppData\Roaming\Microsoft\Windows\Start Menu\Programs\Workspace Utilities\Visual C++ 6.0 Workspace.lnk
Shell Link: C:\Users\Joshua\AppData\Roaming\Microsoft\Windows\Start Menu\Programs\Workspace Utilities\Visual C++ 5.0 Workspace.lnk
User Rights: Admin
